commit 16750245be96361479ae7fe4d651297e867a40e2
Author: almto3 <almto3@hotmail.com>
Date:   Mon Jun 20 10:46:03 2016 -0500

    travis still doesn't work :(

commit 9398ea6b84a385f50ffb801f30a7e73afde3ae9e
Author: almto3 <almto3@hotmail.com>
Date:   Mon Jun 20 10:42:10 2016 -0500

    trying to get travis to work

commit a379bc6d2b74c14970f2b67a7b78de9d7dd085b9
Author: almto3 <almto3@hotmail.com>
Date:   Sun Jun 19 00:27:22 2016 -0500

    dev push

commit c7af58afd1c51a94646381eb30cd0eb89573cc0d
Author: almto3 <almto3@hotmail.com>
Date:   Sun Jun 19 00:20:55 2016 -0500

    inital push

commit 84ba1513329a9e7232dff12aa49136a5ac6074aa
Author: almto3 <almto3@users.noreply.github.com>
Date:   Sun Jun 19 00:04:13 2016 -0500

    Initial commit
