234528 819569 509
520299 24266 470
321766 616714 470
807334 813558 406
590287 173202 470
876304 488028 525
135951 588513 470
862200 910491 476
210156 728252 509
21328 960726 525
230635 315687 407
466869 476419 413
716806 723427 411
978229 809603 525
715376 709145 411
545074 556431 452
59571 785044 509
742442 710543 424
234517 324952 407
247475 711245 509
676186 149412 509
11684 171423 383
610810 345083 470
199869 161889 365
725137 529874 509
167869 254080 443
346933 14186 443
280578 344576 389
157418 345084 443
993549 718224 525
341268 490646 449
135517 180863 383
285051 144965 443
954183 47257 525
204839 783766 509
102771 216397 386
618389 684505 509
741252 41127 509
210379 12135 383
463869 385265 449
156588 320007 443
962221 780537 525
426398 800570 509
10595 157290 383
903664 420543 525
422973 939807 525
675661 738487 504
998902 974805 440
650089 781109 504
88997 723963 509
109051 312451 443
624926 443293 470
146012 415105 449
824878 110943 509
59158 553307 470
274910 777429 509
488280 487245 382
707112 700987 504
532146 940136 525
643746 15561 509
25187 192462 383
606872 531449 452
125319 848827 525
461813 29229 449
442863 347896 449
504215 224243 449
33206 870269 525
315908 634737 509
215336 263983 443
353341 883624 525
79400 40167 351
392656 258492 441
90433 142579 354
663241 4394 509
879613 115265 525
666233 875808 525
796750 756852 468
500567 128410 449
947260 88125 525
559150 903373 525
136089 267912 443
830143 814530 450
545105 662994 509
529029 721369 509
496829 225648 449
130172 798311 509
216579 969314 525
977929 639346 525
420768 677253 509
608351 332019 470
167572 492175 449
734795 473072 509
53291 529193 470
280012 352448 441
189813 615038 470
340101 924081 525
121753 414545 449
703802 45053 509
247864 60958 443
367041 27010 443
699587 912348 525
680185 899942 525
383969 854134 525
908069 835109 525
868950 438158 525
293739 240093 407
638770 339517 509
964975 328926 525
902220 24678 525
858510 187057 525
894754 908725 445
106167 713012 509
355747 628045 509
462781 287272 449
651815 116786 509
519892 955275 525
879837 953882 507
812502 491113 509
541313 363895 470
158297 575449 470
843426 55604 525
354348 975796 525
957863 104232 525
607320 45900 470
693048 480718 509
937376 241681 525
307665 292710 371
547657 722958 509
55143 408721 443
606974 810763 509
966867 977391 458
50056 113665 354
402983 610039 470
331745 988338 525
365714 861742 525
748689 829401 468
594417 142235 470
144739 439844 449
111882 334721 443
130186 909146 525
449628 481680 444
789217 264114 509
228892 849254 525
428812 803728 509
690373 58722 509
131748 25532 354
442773 160051 449
855260 138422 525
671466 231873 509
495700 32061 449
903867 917816 476
762353 952188 525
302871 84883 443
710094 71224 509
935976 537154 525
780668 464761 509
502742 150629 449
751626 421703 509
930516 438361 525
70706 33209 340
303874 966432 525
466332 753248 509
243667 190708 443
724088 493262 509
179125 336581 443
895554 621749 525
428158 589696 470
965769 65697 525
967899 439887 525
487606 884112 525
807385 232709 509
191557 464661 449
707457 272089 509
93103 683608 509
923968 425971 525
926939 495778 525
570764 643155 509
357569 231563 441
823861 319066 509
820496 33775 509
217560 627546 509
645261 837476 504
479263 259344 449
503568 927713 525
928678 198551 525
537479 443678 470
296406 322294 384
932716 513479 525
441344 76854 449
385932 528051 470
100149 931109 525
946981 254255 525
75058 283614 443
922240 422744 525
373767 824111 509
207668 527269 470
218896 664029 509
739759 310584 509
330193 689928 509
499310 860546 525
119090 860571 525
104681 409197 443
137276 879753 525
480694 88102 449
189064 739555 509
103472 628150 509
293644 404761 441
796190 127583 509
739075 377825 509
817355 71132 509
850192 85444 525
965125 235929 525
259840 537908 470
252921 26744 443
975924 414722 525
628148 90883 509
402355 870839 525
68805 730362 509
428737 480907 444
278007 219278 443
275169 707248 509
890173 809928 525
807279 588576 509
842596 271001 525
55671 649031 509
323196 789379 509
435370 158271 449
231811 837907 525
88799 445917 449
570167 619540 447
250793 507600 449
802682 951618 525
307585 309778 371
545434 838954 525
704353 509873 509
891627 219152 525
520511 775954 509
310997 175138 443
488025 429977 444
818332 927836 525
331645 274708 389
670891 4236 509
387721 923580 525

